<?xml version="1.0" encoding="UTF-8"?>
<testsuite name="ohtu.laskin.LaskinTest" tests="1" skipped="0" failures="0" errors="0" timestamp="2020-03-06T01:48:33" hostname="lx8-fuxi174" time="0.011">
  <properties/>
  <testcase name="yksiSummaOikein" classname="ohtu.laskin.LaskinTest" time="0.011"/>
  <system-out><![CDATA[]]></system-out>
  <system-err><![CDATA[]]></system-err>
</testsuite>
